<?xml version="1.0" encoding="UTF-8"?>
<!-- Generated by org.testng.reporters.JUnitReportReporter -->
<testsuite skipped="0" hostname="Baburao-PC" name="Ecommerce.EcomD1" tests="2" failures="0" timestamp="16 Mar 2018 09:01:29 GMT" time="43.153" errors="0">
  <testcase name="MobileLogin" time="27.210" classname="Ecommerce.EcomD1"/>
  <testcase name="Xperia" time="15.943" classname="Ecommerce.EcomD1"/>
</testsuite> <!-- Ecommerce.EcomD1 -->
