<?xml version="1.0" encoding="UTF-8"?>
<!-- Generated by org.testng.reporters.JUnitReportReporter -->
<testsuite skipped="0" hostname="Baburao-PC" name="Ecommerce.Ecomorce" tests="1" failures="0" timestamp="16 Mar 2018 05:39:44 GMT" time="11.598" errors="0">
  <testcase name="MobileLogin" time="11.598" classname="Ecommerce.Ecomorce"/>
</testsuite> <!-- Ecommerce.Ecomorce -->
